<?xml version="1.0" encoding="UTF-8"?>
<!-- Generated by org.testng.reporters.JUnitXMLReporter -->
<testsuite ignored="2" hostname="DESKTOP-ULGVJBE" failures="0" tests="2" name="Default test" time="0.498" errors="0" timestamp="2021-10-30T19:51:59 IST">
  <testcase classname="com.testng.annotations.IgnoreTest" name="searchLaptop" time="0.084"/>
  <testcase classname="com.testng.annotations.IgnoreTest" name="searchMobile" time="0.016"/>
  <testcase classname="com.testng.annotations.IgnoreTest" name="searchWatch" time="0.0">
    <ignored/>
  </testcase> <!-- searchWatch -->
  <testcase classname="com.testng.annotations.IgnoreTest" name="searchFruits" time="0.0">
    <ignored/>
  </testcase> <!-- searchFruits -->
</testsuite> <!-- Default test -->
