<?xml version="1.0" encoding="UTF-8"?>
<testng-results ignored="2" total="4" passed="2" failed="0" skipped="0">
  <reporter-output>
  </reporter-output>
  <suite started-at="2021-10-30T19:51:58 IST" name="Default suite" finished-at="2021-10-30T19:51:59 IST" duration-ms="498">
    <groups>
    </groups>
    <test started-at="2021-10-30T19:51:58 IST" name="Default test" finished-at="2021-10-30T19:51:59 IST" duration-ms="498">
      <class name="com.testng.annotations.IgnoreTest">
        <test-method signature="searchLaptop()[pri:0, instance:com.testng.annotations.IgnoreTest@2f54a33d]" started-at="2021-10-30T19:51:59 IST" name="searchLaptop" finished-at="2021-10-30T19:51:59 IST" duration-ms="84" status="PASS">
          <reporter-output>
          </reporter-output>
        </test-method> <!-- searchLaptop -->
        <test-method signature="searchMobile()[pri:0, instance:com.testng.annotations.IgnoreTest@2f54a33d]" started-at="2021-10-30T19:51:59 IST" name="searchMobile" finished-at="2021-10-30T19:51:59 IST" duration-ms="16" status="PASS">
          <reporter-output>
          </reporter-output>
        </test-method> <!-- searchMobile -->
      </class> <!-- com.testng.annotations.IgnoreTest -->
    </test> <!-- Default test -->
  </suite> <!-- Default suite -->
</testng-results>
